Using pre-set license
Built from '2020.3/staging' branch; Version is '2020.3.13f1 (71691879b7f5) revision 7432472'; Using compiler version '192528614'; Build Type 'Release'
OS: 'Windows 7  (6.1.0) 64bit' Language: 'zh' Physical Memory: 10184 MB
BatchMode: 1, IsHumanControllingUs: 0, StartBugReporterOnCrash: 0, Is64bit: 1, IsPro: 0

 COMMAND LINE ARGUMENTS:
C:\Program Files\Unity\Hub\Editor\2020.3.13f1\Editor\Unity.exe
-adb2
-batchMode
-noUpm
-name
AssetImportWorker3
-projectPath
D:/jia_hui/作業Unity/202106_Unity_2D/Unity_2DGame_202106/2DGame
-logFile
Logs/AssetImportWorker3.log
-srvPort
58383
Successfully changed project path to: D:/jia_hui/作業Unity/202106_Unity_2D/Unity_2DGame_202106/2DGame
D:/jia_hui/作業Unity/202106_Unity_2D/Unity_2DGame_202106/2DGame
Using Asset Import Pipeline V2.
Refreshing native plugins compatible for Editor in 179.97 ms, found 3 plugins.
Preloading 0 native plugins for Editor in 0.00 ms.
Initialize engine version: 2020.3.13f1 (71691879b7f5)
[Subsystems] Discovering subsystems at path C:/Program Files/Unity/Hub/Editor/2020.3.13f1/Editor/Data/Resources/UnitySubsystems
[Subsystems] Discovering subsystems at path D:/jia_hui/作業Unity/202106_Unity_2D/Unity_2DGame_202106/2DGame/Assets
GfxDevice: creating device client; threaded=0
d3d11: CreateDXGIFactory2(...) not found, fallbacking to CreateDXGIFactory1(...).
d3d11: QueryInterface(IDXGIFactory5) failed (80004002).
Direct3D:
    Version:  Direct3D 11.0 [level 11.0]
    Renderer: NVIDIA GeForce GTX 650 (ID=0xfc6)
    Vendor:   
    VRAM:     960 MB
    Driver:   24.21.13.9882
Initialize mono
Mono path[0] = 'C:/Program Files/Unity/Hub/Editor/2020.3.13f1/Editor/Data/Managed'
Mono path[1] = 'C:/Program Files/Unity/Hub/Editor/2020.3.13f1/Editor/Data/MonoBleedingEdge/lib/mono/unityjit'
Mono config path = 'C:/Program Files/Unity/Hub/Editor/2020.3.13f1/Editor/Data/MonoBleedingEdge/etc'
Using monoOptions --debugger-agent=transport=dt_socket,embedding=1,server=y,suspend=n,address=127.0.0.1:56968
Begin MonoManager ReloadAssembly
Registering precompiled unity dll's ...
Register platform support module: C:/Program Files/Unity/Hub/Editor/2020.3.13f1/Editor/Data/PlaybackEngines/WindowsStandaloneSupport/UnityEditor.WindowsStandalone.Extensions.dll
Registered in 0.002080 seconds.
Native extension for WindowsStandalone target not found
Refreshing native plugins compatible for Editor in 85.16 ms, found 3 plugins.
Preloading 0 native plugins for Editor in 0.00 ms.
Mono: successfully reloaded assembly
- Completed reload, in  1.884 seconds
Platform modules already initialized, skipping
Registering precompiled user dll's ...
Registered in 0.004724 seconds.
Begin MonoManager ReloadAssembly
Native extension for WindowsStandalone target not found
Refreshing native plugins compatible for Editor in 81.73 ms, found 3 plugins.
Preloading 0 native plugins for Editor in 0.00 ms.
Mono: successfully reloaded assembly
- Completed reload, in  6.952 seconds
Platform modules already initialized, skipping
========================================================================
Worker process is ready to serve import requests
Launched and connected shader compiler UnityShaderCompiler.exe after 0.27 seconds
Refreshing native plugins compatible for Editor in 0.87 ms, found 3 plugins.
Preloading 0 native plugins for Editor in 0.00 ms.
Unloading 2084 Unused Serialized files (Serialized files now loaded: 0)
System memory in use before: 93.0 MB.
System memory in use after: 93.0 MB.

Unloading 33 unused Assets to reduce memory usage. Loaded Objects now: 2517.
Total: 4.512938 ms (FindLiveObjects: 0.367080 ms CreateObjectMapping: 0.115430 ms MarkObjects: 3.855732 ms  DeleteObjects: 0.172214 ms)

AssetImportParameters requested are different than current active one (requested -> active):
  custom:framework-win-MediaFoundation: 216162199b28c13a410421893ffa2e32 -> 
  custom:video-decoder-ogg-theora: a1e56fd34408186e4bbccfd4996cb3dc -> 
  custom:container-muxer-webm: aa71ff27fc2769a1b78a27578f13a17b -> 
  custom:container-demuxer-webm: 4f35f7cbe854078d1ac9338744f61a02 -> 
  custom:container-demuxer-ogg: 62fdf1f143b41e24485cea50d1cbac27 -> 
  custom:video-encoder-webm-vp8: eb34c28f22e8b96e1ab97ce403110664 -> 
  custom:video-decoder-webm-vp8: 9c59270c3fd7afecdb556c50c9e8de78 -> 
  custom:audio-decoder-ogg-vorbis: bf7c407c2cedff20999df2af8eb42d56 -> 
  custom:audio-encoder-webm-vorbis: bf7c407c2cedff20999df2af8eb42d56 -> 
========================================================================
Received Import Request.
  path: Assets/jia_hui.png
  artifactKey: Guid(1be245b498b298648b43ae4413aba9ab) Importer(815301076,1909f56bfc062723c751e8b465ee728b)
Start importing Assets/jia_hui.png using Guid(1be245b498b298648b43ae4413aba9ab) Importer(815301076,1909f56bfc062723c751e8b465ee728b)  -> (artifact id: '404d01696d4b3f8db60afbb7fef35520') in 0.360698 seconds 
  Import took 0.365101 seconds .

========================================================================
Received Import Request.
  Time since last request: 0.002921 seconds.
  path: Assets/jia_hui.png
  artifactKey: Guid(1be245b498b298648b43ae4413aba9ab) Importer(815301076,1909f56bfc062723c751e8b465ee728b)
Start importing Assets/jia_hui.png using Guid(1be245b498b298648b43ae4413aba9ab) Importer(815301076,1909f56bfc062723c751e8b465ee728b)  -> (artifact id: '404d01696d4b3f8db60afbb7fef35520') in 0.022042 seconds 
  Import took 0.053816 seconds .

========================================================================
Received Import Request.
  Time since last request: 337.663543 seconds.
  path: Assets/jia_hui.png
  artifactKey: Guid(1be245b498b298648b43ae4413aba9ab) Importer(815301076,1909f56bfc062723c751e8b465ee728b)
Start importing Assets/jia_hui.png using Guid(1be245b498b298648b43ae4413aba9ab) Importer(815301076,1909f56bfc062723c751e8b465ee728b)  -> (artifact id: 'b1d7aa57ca0abc885b5a6976125ba2d3') in 0.027389 seconds 
  Import took 0.032805 seconds .

========================================================================
Received Import Request.
  Time since last request: 93.090643 seconds.
  path: Assets/jia_hui.png
  artifactKey: Guid(1be245b498b298648b43ae4413aba9ab) Importer(815301076,1909f56bfc062723c751e8b465ee728b)
Start importing Assets/jia_hui.png using Guid(1be245b498b298648b43ae4413aba9ab) Importer(815301076,1909f56bfc062723c751e8b465ee728b)  -> (artifact id: 'cf27a6cb64fb5595f1f1806037a63617') in 0.035636 seconds 
  Import took 0.040229 seconds .

========================================================================
Received Import Request.
  Time since last request: 0.007805 seconds.
  path: Assets/jia_hui.png
  artifactKey: Guid(1be245b498b298648b43ae4413aba9ab) Importer(815301076,1909f56bfc062723c751e8b465ee728b)
Start importing Assets/jia_hui.png using Guid(1be245b498b298648b43ae4413aba9ab) Importer(815301076,1909f56bfc062723c751e8b465ee728b)  -> (artifact id: 'cf27a6cb64fb5595f1f1806037a63617') in 0.022552 seconds 
  Import took 0.026865 seconds .

========================================================================
Received Import Request.
  Time since last request: 74.607238 seconds.
  path: Assets/jia_hui 1.png
  artifactKey: Guid(ab7d4ba940c814d42aa47de824eb2298) Importer(815301076,1909f56bfc062723c751e8b465ee728b)
Start importing Assets/jia_hui 1.png using Guid(ab7d4ba940c814d42aa47de824eb2298) Importer(815301076,1909f56bfc062723c751e8b465ee728b)  -> (artifact id: '007ee0049db4e9aa641bab3982c6f560') in 0.037895 seconds 
  Import took 0.045642 seconds .

========================================================================
Received Import Request.
  Time since last request: 10.832098 seconds.
  path: Assets/jia_hui.png
  artifactKey: Guid(1be245b498b298648b43ae4413aba9ab) Importer(815301076,1909f56bfc062723c751e8b465ee728b)
Start importing Assets/jia_hui.png using Guid(1be245b498b298648b43ae4413aba9ab) Importer(815301076,1909f56bfc062723c751e8b465ee728b)  -> (artifact id: '8092d6d931147f2a485e5ed196f777ba') in 0.034172 seconds 
  Import took 0.052045 seconds .

========================================================================
Received Import Request.
  Time since last request: 0.000602 seconds.
  path: Assets/jia_hui.png
  artifactKey: Guid(1be245b498b298648b43ae4413aba9ab) Importer(815301076,1909f56bfc062723c751e8b465ee728b)
Start importing Assets/jia_hui.png using Guid(1be245b498b298648b43ae4413aba9ab) Importer(815301076,1909f56bfc062723c751e8b465ee728b)  -> (artifact id: '8092d6d931147f2a485e5ed196f777ba') in 0.020654 seconds 
  Import took 0.025344 seconds .

========================================================================
Received Import Request.
  Time since last request: 1188.349219 seconds.
  path: Assets/5030_144232_7312.png
  artifactKey: Guid(0630c8616a0093945a6c00766c466f2c) Importer(815301076,1909f56bfc062723c751e8b465ee728b)
Start importing Assets/5030_144232_7312.png using Guid(0630c8616a0093945a6c00766c466f2c) Importer(815301076,1909f56bfc062723c751e8b465ee728b)  -> (artifact id: '1c7aabb86a55a6fdffa424c2b84d64c9') in 0.051099 seconds 
  Import took 0.060836 seconds .

========================================================================
Received Import Request.
  Time since last request: 3083.493782 seconds.
  path: Assets/素材
  artifactKey: Guid(d1bed8c288a41c24087dfe093b24b895) Importer(815301076,1909f56bfc062723c751e8b465ee728b)
Start importing Assets/素材 using Guid(d1bed8c288a41c24087dfe093b24b895) Importer(815301076,1909f56bfc062723c751e8b465ee728b)  -> (artifact id: 'cb57666c52ad6d2f42f895a401ff0d73') in 0.015017 seconds 
  Import took 0.022259 seconds .

========================================================================
Received Import Request.
  Time since last request: 481.603048 seconds.
  path: Assets/foo.ttf
  artifactKey: Guid(18f13be2a0a44ea48ba8ff1a921e80d1) Importer(815301076,1909f56bfc062723c751e8b465ee728b)
Start importing Assets/foo.ttf using Guid(18f13be2a0a44ea48ba8ff1a921e80d1) Importer(815301076,1909f56bfc062723c751e8b465ee728b)  -> (artifact id: '9705b7974ed27a7b0b2d62ae01733521') in 0.452977 seconds 
  Import took 0.492424 seconds .

========================================================================
Received Prepare
Registering precompiled user dll's ...
Registered in 0.633183 seconds.
Begin MonoManager ReloadAssembly
Native extension for WindowsStandalone target not found
Refreshing native plugins compatible for Editor in 0.54 ms, found 3 plugins.
Preloading 0 native plugins for Editor in 0.00 ms.
Mono: successfully reloaded assembly
- Completed reload, in  1.771 seconds
Platform modules already initialized, skipping
Refreshing native plugins compatible for Editor in 0.90 ms, found 3 plugins.
Preloading 0 native plugins for Editor in 0.00 ms.
Unloading 2079 Unused Serialized files (Serialized files now loaded: 0)
System memory in use before: 96.2 MB.
System memory in use after: 96.2 MB.

Unloading 21 unused Assets to reduce memory usage. Loaded Objects now: 2571.
Total: 5.500609 ms (FindLiveObjects: 0.437206 ms CreateObjectMapping: 0.301297 ms MarkObjects: 4.532487 ms  DeleteObjects: 0.226826 ms)

AssetImportParameters requested are different than current active one (requested -> active):
  custom:framework-win-MediaFoundation: 216162199b28c13a410421893ffa2e32 -> 
  custom:video-decoder-ogg-theora: a1e56fd34408186e4bbccfd4996cb3dc -> 
  custom:container-muxer-webm: aa71ff27fc2769a1b78a27578f13a17b -> 
  custom:container-demuxer-webm: 4f35f7cbe854078d1ac9338744f61a02 -> 
  custom:container-demuxer-ogg: 62fdf1f143b41e24485cea50d1cbac27 -> 
  custom:video-encoder-webm-vp8: eb34c28f22e8b96e1ab97ce403110664 -> 
  custom:video-decoder-webm-vp8: 9c59270c3fd7afecdb556c50c9e8de78 -> 
  custom:audio-decoder-ogg-vorbis: bf7c407c2cedff20999df2af8eb42d56 -> 
  custom:audio-encoder-webm-vorbis: bf7c407c2cedff20999df2af8eb42d56 -> 
========================================================================
Received Prepare
Registering precompiled user dll's ...
Registered in 0.002868 seconds.
Begin MonoManager ReloadAssembly
Native extension for WindowsStandalone target not found
Refreshing native plugins compatible for Editor in 0.54 ms, found 3 plugins.
Preloading 0 native plugins for Editor in 0.00 ms.
Mono: successfully reloaded assembly
- Completed reload, in  1.380 seconds
Platform modules already initialized, skipping
Refreshing native plugins compatible for Editor in 0.59 ms, found 3 plugins.
Preloading 0 native plugins for Editor in 0.00 ms.
Unloading 2079 Unused Serialized files (Serialized files now loaded: 0)
System memory in use before: 96.3 MB.
System memory in use after: 96.3 MB.

Unloading 21 unused Assets to reduce memory usage. Loaded Objects now: 2575.
Total: 3.311474 ms (FindLiveObjects: 0.298504 ms CreateObjectMapping: 0.199520 ms MarkObjects: 2.671024 ms  DeleteObjects: 0.140874 ms)

AssetImportParameters requested are different than current active one (requested -> active):
  custom:framework-win-MediaFoundation: 216162199b28c13a410421893ffa2e32 -> 
  custom:video-decoder-ogg-theora: a1e56fd34408186e4bbccfd4996cb3dc -> 
  custom:container-muxer-webm: aa71ff27fc2769a1b78a27578f13a17b -> 
  custom:container-demuxer-webm: 4f35f7cbe854078d1ac9338744f61a02 -> 
  custom:container-demuxer-ogg: 62fdf1f143b41e24485cea50d1cbac27 -> 
  custom:video-encoder-webm-vp8: eb34c28f22e8b96e1ab97ce403110664 -> 
  custom:video-decoder-webm-vp8: 9c59270c3fd7afecdb556c50c9e8de78 -> 
  custom:audio-decoder-ogg-vorbis: bf7c407c2cedff20999df2af8eb42d56 -> 
  custom:audio-encoder-webm-vorbis: bf7c407c2cedff20999df2af8eb42d56 -> 
========================================================================
Received Prepare
Registering precompiled user dll's ...
Registered in 0.003293 seconds.
Begin MonoManager ReloadAssembly
Native extension for WindowsStandalone target not found
Refreshing native plugins compatible for Editor in 0.62 ms, found 3 plugins.
Preloading 0 native plugins for Editor in 0.00 ms.
Mono: successfully reloaded assembly
- Completed reload, in  1.810 seconds
Platform modules already initialized, skipping
Refreshing native plugins compatible for Editor in 0.58 ms, found 3 plugins.
Preloading 0 native plugins for Editor in 0.00 ms.
Unloading 2079 Unused Serialized files (Serialized files now loaded: 0)
System memory in use before: 96.3 MB.
System memory in use after: 96.3 MB.

Unloading 21 unused Assets to reduce memory usage. Loaded Objects now: 2579.
Total: 3.260896 ms (FindLiveObjects: 0.311847 ms CreateObjectMapping: 0.197038 ms MarkObjects: 2.610516 ms  DeleteObjects: 0.140254 ms)

AssetImportParameters requested are different than current active one (requested -> active):
  custom:framework-win-MediaFoundation: 216162199b28c13a410421893ffa2e32 -> 
  custom:video-decoder-ogg-theora: a1e56fd34408186e4bbccfd4996cb3dc -> 
  custom:container-muxer-webm: aa71ff27fc2769a1b78a27578f13a17b -> 
  custom:container-demuxer-webm: 4f35f7cbe854078d1ac9338744f61a02 -> 
  custom:container-demuxer-ogg: 62fdf1f143b41e24485cea50d1cbac27 -> 
  custom:video-encoder-webm-vp8: eb34c28f22e8b96e1ab97ce403110664 -> 
  custom:video-decoder-webm-vp8: 9c59270c3fd7afecdb556c50c9e8de78 -> 
  custom:audio-decoder-ogg-vorbis: bf7c407c2cedff20999df2af8eb42d56 -> 
  custom:audio-encoder-webm-vorbis: bf7c407c2cedff20999df2af8eb42d56 -> 
========================================================================
Received Prepare
Registering precompiled user dll's ...
Registered in 0.249614 seconds.
Begin MonoManager ReloadAssembly
Native extension for WindowsStandalone target not found
Refreshing native plugins compatible for Editor in 0.55 ms, found 3 plugins.
Preloading 0 native plugins for Editor in 0.00 ms.
Mono: successfully reloaded assembly
- Completed reload, in  7.210 seconds
Platform modules already initialized, skipping
Refreshing native plugins compatible for Editor in 0.91 ms, found 3 plugins.
Preloading 0 native plugins for Editor in 0.00 ms.
Unloading 2079 Unused Serialized files (Serialized files now loaded: 0)
System memory in use before: 96.3 MB.
System memory in use after: 96.3 MB.

Unloading 21 unused Assets to reduce memory usage. Loaded Objects now: 2583.
Total: 15.697852 ms (FindLiveObjects: 0.671790 ms CreateObjectMapping: 0.314329 ms MarkObjects: 5.321879 ms  DeleteObjects: 9.386130 ms)

AssetImportParameters requested are different than current active one (requested -> active):
  custom:framework-win-MediaFoundation: 216162199b28c13a410421893ffa2e32 -> 
  custom:video-decoder-ogg-theora: a1e56fd34408186e4bbccfd4996cb3dc -> 
  custom:container-muxer-webm: aa71ff27fc2769a1b78a27578f13a17b -> 
  custom:container-demuxer-webm: 4f35f7cbe854078d1ac9338744f61a02 -> 
  custom:container-demuxer-ogg: 62fdf1f143b41e24485cea50d1cbac27 -> 
  custom:video-encoder-webm-vp8: eb34c28f22e8b96e1ab97ce403110664 -> 
  custom:video-decoder-webm-vp8: 9c59270c3fd7afecdb556c50c9e8de78 -> 
  custom:audio-decoder-ogg-vorbis: bf7c407c2cedff20999df2af8eb42d56 -> 
  custom:audio-encoder-webm-vorbis: bf7c407c2cedff20999df2af8eb42d56 -> 
========================================================================
Received Prepare
Registering precompiled user dll's ...
Registered in 0.002786 seconds.
Begin MonoManager ReloadAssembly
Native extension for WindowsStandalone target not found
Refreshing native plugins compatible for Editor in 0.59 ms, found 3 plugins.
Preloading 0 native plugins for Editor in 0.00 ms.
Mono: successfully reloaded assembly
- Completed reload, in  1.719 seconds
Platform modules already initialized, skipping
Refreshing native plugins compatible for Editor in 0.54 ms, found 3 plugins.
Preloading 0 native plugins for Editor in 0.00 ms.
Unloading 2079 Unused Serialized files (Serialized files now loaded: 0)
System memory in use before: 96.3 MB.
System memory in use after: 96.3 MB.

Unloading 21 unused Assets to reduce memory usage. Loaded Objects now: 2587.
Total: 2.813760 ms (FindLiveObjects: 0.220930 ms CreateObjectMapping: 0.095571 ms MarkObjects: 2.350178 ms  DeleteObjects: 0.145529 ms)

AssetImportParameters requested are different than current active one (requested -> active):
  custom:framework-win-MediaFoundation: 216162199b28c13a410421893ffa2e32 -> 
  custom:video-decoder-ogg-theora: a1e56fd34408186e4bbccfd4996cb3dc -> 
  custom:container-muxer-webm: aa71ff27fc2769a1b78a27578f13a17b -> 
  custom:container-demuxer-webm: 4f35f7cbe854078d1ac9338744f61a02 -> 
  custom:container-demuxer-ogg: 62fdf1f143b41e24485cea50d1cbac27 -> 
  custom:video-encoder-webm-vp8: eb34c28f22e8b96e1ab97ce403110664 -> 
  custom:video-decoder-webm-vp8: 9c59270c3fd7afecdb556c50c9e8de78 -> 
  custom:audio-decoder-ogg-vorbis: bf7c407c2cedff20999df2af8eb42d56 -> 
  custom:audio-encoder-webm-vorbis: bf7c407c2cedff20999df2af8eb42d56 -> 
